#
# A fatal error has been detected by the Java Runtime Environment:
#
#  EXCEPTION_ACCESS_VIOLATION (0xc0000005) at pc=0x00000000680a2928, pid=6660, tid=0x0000000000001518
#
# JRE version: Java(TM) SE Runtime Environment (8.0_121-b13) (build 1.8.0_121-b13)
# Java VM: Java HotSpot(TM) 64-Bit Server VM (25.121-b13 mixed mode windows-amd64 compressed oops)
# Problematic frame:
# C  [jdwp.dll+0x22928]
#
# Failed to write core dump. Minidumps are not enabled by default on client versions of Windows
#
# If you would like to submit a bug report, please visit:
#   http://bugreport.java.com/bugreport/crash.jsp
# The crash happened outside the Java Virtual Machine in native code.
# See problematic frame for where to report the bug.
#

---------------  T H R E A D  ---------------

Current thread (0x000000000870e800):  JavaThread "JDWP Command Reader" daemon [_thread_in_native, id=5400, stack(0x0000000008fa0000,0x00000000090a0000)]

siginfo: ExceptionCode=0xc0000005, reading address 0x0000000000000000

Registers:
RAX=0x00000000680af5a0, RBX=0x000000000000000c, RCX=0x0000000000000000, RDX=0x0000000000000028
RSP=0x000000000909f160, RBP=0x000000000909f3d0, RSI=0x0000000000000004, RDI=0x000000006da433c0
R8 =0x000000000909f1c8, R9 =0x7efefefefefeff6b, R10=0x81010101010100f8, R11=0x8101010101010100
R12=0x00000000680a91d8, R13=0x000000000870f758, R14=0x0000000000000000, R15=0x0000000000000000
RIP=0x00000000680a2928, EFLAGS=0x0000000000010206

Top of Stack: (sp=0x000000000909f160)
0x000000000909f160:   0000000000002714 ffffffffffb3b4c0
0x000000000909f170:   0000000000000274 000000000909f298
0x000000000909f180:   0000000000000001 000000006da423c0
0x000000000909f190:   000000000909f1e8 0000000000000000
0x000000000909f1a0:   0000000000000020 0000000000000020
0x000000000909f1b0:   000000006da433c0 000000006da4108e
0x000000000909f1c0:   000000000000000c 0000000000000000
0x000000000909f1d0:   0000000000000004 000000005faa6b8d
0x000000000909f1e0:   7075727265746e49 636e756620646574
0x000000000909f1f0:   6c6163206e6f6974 000000000000006c
0x000000000909f200:   0000000000000000 0000000000000000
0x000000000909f210:   000000000870f758 0000000000000000
0x000000000909f220:   000000000000024c 000007fefd7b0369
0x000000000909f230:   000000000000024c 0000000002726230
0x000000000909f240:   0000000000000004 000000000909f284
0x000000000909f250:   000000000909f2e8 0000000000000000 

Instructions: (pc=0x00000000680a2928)
0x00000000680a2908:   83 ec 50 48 63 d1 85 c9 75 07 33 c0 e9 84 00 00
0x00000000680a2918:   00 48 8b 05 c8 d3 00 00 4c 8d 44 24 68 48 8b 08
0x00000000680a2928:   48 8b 01 ff 90 68 01 00 00 8b f8 85 c0 74 61 8b
0x00000000680a2938:   c8 e8 72 ca fe ff 48 8b d8 ff 15 e9 48 00 00 c7 


Register to memory mapping:

RAX=0x00000000680af5a0 is an unknown value
RBX=0x000000000000000c is an unknown value
RCX=0x0000000000000000 is an unknown value
RDX=0x0000000000000028 is an unknown value
RSP=0x000000000909f160 is pointing into the stack for thread: 0x000000000870e800
RBP=0x000000000909f3d0 is pointing into the stack for thread: 0x000000000870e800
RSI=0x0000000000000004 is an unknown value
RDI=0x000000006da433c0 is an unknown value
R8 =0x000000000909f1c8 is pointing into the stack for thread: 0x000000000870e800
R9 =0x7efefefefefeff6b is an unknown value
R10=0x81010101010100f8 is an unknown value
R11=0x8101010101010100 is an unknown value
R12=0x00000000680a91d8 is an unknown value
R13=0x000000000870f758 is an unknown value
R14=0x0000000000000000 is an unknown value
R15=0x0000000000000000 is an unknown value


Stack: [0x0000000008fa0000,0x00000000090a0000],  sp=0x000000000909f160,  free space=1020k
Native frames: (J=compiled Java code, j=interpreted, Vv=VM code, C=native code)
C  [jdwp.dll+0x22928]
C  [dt_socket.dll+0x108e]
C  [dt_socket.dll+0x15f6]
C  [jdwp.dll+0x1fad1]
C  [jdwp.dll+0xed38]
V  [jvm.dll+0x1bd548]
V  [jvm.dll+0x244e1f]
V  [jvm.dll+0x29c69a]
C  [msvcr100.dll+0x21d9f]
C  [msvcr100.dll+0x21e3b]
C  [kernel32.dll+0x159cd]
C  [ntdll.dll+0x2a561]


---------------  P R O C E S S  ---------------

Java Threads: ( => current thread )
  0x00000000614e3800 JavaThread "PathWatcher-Thread[D:\project\ichat (+4)]" daemon [_thread_blocked, id=5944, stack(0x00000000693e0000,0x00000000694e0000)]
  0x00000000614e2800 JavaThread "Thread-19" daemon [_thread_blocked, id=7724, stack(0x000000006aaa0000,0x000000006aba0000)]
  0x000000000c3f5800 JavaThread "ShutdownMonitor" daemon [_thread_blocked, id=7184, stack(0x000000005e110000,0x000000005e210000)]
  0x0000000008799800 JavaThread "Service Thread" daemon [_thread_blocked, id=7028, stack(0x00000000094e0000,0x00000000095e0000)]
  0x0000000008717800 JavaThread "C1 CompilerThread2" daemon [_thread_blocked, id=1972, stack(0x0000000009380000,0x0000000009480000)]
  0x0000000008714000 JavaThread "C2 CompilerThread1" daemon [_thread_blocked, id=4940, stack(0x0000000008d80000,0x0000000008e80000)]
  0x0000000008712000 JavaThread "C2 CompilerThread0" daemon [_thread_blocked, id=7908, stack(0x0000000009260000,0x0000000009360000)]
=>0x000000000870e800 JavaThread "JDWP Command Reader" daemon [_thread_in_native, id=5400, stack(0x0000000008fa0000,0x00000000090a0000)]
  0x0000000008700800 JavaThread "JDWP Event Helper Thread" daemon [_thread_blocked, id=5324, stack(0x00000000090f0000,0x00000000091f0000)]
  0x00000000086f2800 JavaThread "JDWP Transport Listener: dt_socket" daemon [_thread_blocked, id=7016, stack(0x0000000008e80000,0x0000000008f80000)]
  0x0000000007081000 JavaThread "Attach Listener" daemon [_thread_blocked, id=4400, stack(0x0000000008430000,0x0000000008530000)]
  0x000000000708f000 JavaThread "Signal Dispatcher" daemon [_thread_blocked, id=8116, stack(0x0000000008ae0000,0x0000000008be0000)]
  0x0000000007069800 JavaThread "Finalizer" daemon [_thread_blocked, id=5896, stack(0x00000000085d0000,0x00000000086d0000)]
  0x0000000007022800 JavaThread "Reference Handler" daemon [_thread_blocked, id=5712, stack(0x00000000082e0000,0x00000000083e0000)]
  0x00000000024c9000 JavaThread "main" [_thread_blocked, id=3856, stack(0x00000000028e0000,0x00000000029e0000)]

Other Threads:
  0x000000000701b000 VMThread [stack: 0x0000000008110000,0x0000000008210000] [id=6328]

VM state:at safepoint (normal execution)

VM Mutex/Monitor currently owned by a thread:  ([mutex/lock_event])
[0x00000000025edf00] Threads_lock - owner thread: 0x000000000701b000

Heap:
 PSYoungGen      total 174592K, used 4837K [0x00000000e0f80000, 0x00000000f2200000, 0x0000000100000000)
  eden space 156160K, 3% used [0x00000000e0f80000,0x00000000e14397a8,0x00000000ea800000)
  from space 18432K, 0% used [0x00000000ea800000,0x00000000ea800000,0x00000000eba00000)
  to   space 17920K, 0% used [0x00000000f1080000,0x00000000f1080000,0x00000000f2200000)
 ParOldGen       total 63488K, used 22705K [0x00000000a2e00000, 0x00000000a6c00000, 0x00000000e0f80000)
  object space 63488K, 35% used [0x00000000a2e00000,0x00000000a442c548,0x00000000a6c00000)
 Metaspace       used 38736K, capacity 39324K, committed 39808K, reserved 1085440K
  class space    used 4421K, capacity 4633K, committed 4736K, reserved 1048576K

Card table byte_map: [0x0000000002da0000,0x0000000003090000] byte_map_base: 0x0000000002889000

Marking Bits: (ParMarkBitMap*) 0x00000000600ab6d0
 Begin Bits: [0x0000000003510000, 0x0000000004c58000)
 End Bits:   [0x0000000004c58000, 0x00000000063a0000)

Polling page: 0x0000000000230000

CodeCache: size=245760Kb used=14217Kb max_used=14786Kb free=231542Kb
 bounds [0x000000000f010000, 0x000000000fe90000, 0x000000001e010000]
 total_blobs=4746 nmethods=4263 adapters=403
 compilation: enabled

Compilation events (10 events):
Event: 690.531 Thread 0x0000000008717800 nmethod 4990 0x000000000fc33ed0 code [0x000000000fc34060, 0x000000000fc34678]
Event: 690.531 Thread 0x0000000008717800 4991       1       java.util.logging.Logger::getName (5 bytes)
Event: 690.531 Thread 0x0000000008717800 nmethod 4991 0x000000000fb05910 code [0x000000000fb05a60, 0x000000000fb05b70]
Event: 690.533 Thread 0x0000000008717800 4992       3       java.util.concurrent.ConcurrentHashMap$Traverser::advance (188 bytes)
Event: 690.535 Thread 0x0000000008717800 nmethod 4992 0x000000000f8be2d0 code [0x000000000f8be4c0, 0x000000000f8bf138]
Event: 690.535 Thread 0x0000000008717800 4993       3       org.eclipse.sisu.inject.MildValues$ValueItr::hasNext (52 bytes)
Event: 690.535 Thread 0x0000000008717800 nmethod 4993 0x000000000f195e90 code [0x000000000f196040, 0x000000000f196608]
Event: 690.535 Thread 0x0000000008717800 4994       3       java.util.concurrent.ConcurrentHashMap$BaseIterator::hasNext (13 bytes)
Event: 690.535 Thread 0x0000000008717800 nmethod 4994 0x000000000f756d90 code [0x000000000f756ee0, 0x000000000f757090]
Event: 690.536 Thread 0x0000000008717800 4995       3       org.eclipse.sisu.inject.RankedSequence$Content::remove (113 bytes)

GC Heap History (10 events):
Event: 518.882 GC heap before
{Heap before GC invocations=10 (full 1):
 PSYoungGen      total 107520K, used 101057K [0x00000000e0f80000, 0x00000000e8380000, 0x0000000100000000)
  eden space 97792K, 100% used [0x00000000e0f80000,0x00000000e6f00000,0x00000000e6f00000)
  from space 9728K, 33% used [0x00000000e7900000,0x00000000e7c30758,0x00000000e8280000)
  to   space 10240K, 0% used [0x00000000e6f00000,0x00000000e6f00000,0x00000000e7900000)
 ParOldGen       total 45056K, used 14958K [0x00000000a2e00000, 0x00000000a5a00000, 0x00000000e0f80000)
  object space 45056K, 33% used [0x00000000a2e00000,0x00000000a3c9b8e0,0x00000000a5a00000)
 Metaspace       used 27335K, capacity 27830K, committed 28288K, reserved 1075200K
  class space    used 3235K, capacity 3403K, committed 3456K, reserved 1048576K
Event: 518.961 GC heap after
Heap after GC invocations=10 (full 1):
 PSYoungGen      total 108032K, used 10234K [0x00000000e0f80000, 0x00000000ecd00000, 0x0000000100000000)
  eden space 97792K, 0% used [0x00000000e0f80000,0x00000000e0f80000,0x00000000e6f00000)
  from space 10240K, 99% used [0x00000000e6f00000,0x00000000e78fe860,0x00000000e7900000)
  to   space 18944K, 0% used [0x00000000eba80000,0x00000000eba80000,0x00000000ecd00000)
 ParOldGen       total 45056K, used 33283K [0x00000000a2e00000, 0x00000000a5a00000, 0x00000000e0f80000)
  object space 45056K, 73% used [0x00000000a2e00000,0x00000000a4e80e58,0x00000000a5a00000)
 Metaspace       used 27335K, capacity 27830K, committed 28288K, reserved 1075200K
  class space    used 3235K, capacity 3403K, committed 3456K, reserved 1048576K
}
Event: 535.681 GC heap before
{Heap before GC invocations=11 (full 1):
 PSYoungGen      total 108032K, used 68572K [0x00000000e0f80000, 0x00000000ecd00000, 0x0000000100000000)
  eden space 97792K, 59% used [0x00000000e0f80000,0x00000000e48789e0,0x00000000e6f00000)
  from space 10240K, 99% used [0x00000000e6f00000,0x00000000e78fe860,0x00000000e7900000)
  to   space 18944K, 0% used [0x00000000eba80000,0x00000000eba80000,0x00000000ecd00000)
 ParOldGen       total 45056K, used 33283K [0x00000000a2e00000, 0x00000000a5a00000, 0x00000000e0f80000)
  object space 45056K, 73% used [0x00000000a2e00000,0x00000000a4e80e58,0x00000000a5a00000)
 Metaspace       used 34663K, capacity 35178K, committed 35496K, reserved 1081344K
  class space    used 4066K, capacity 4274K, committed 4352K, reserved 1048576K
Event: 535.699 GC heap after
Heap after GC invocations=11 (full 1):
 PSYoungGen      total 174080K, used 9904K [0x00000000e0f80000, 0x00000000ecc00000, 0x0000000100000000)
  eden space 156160K, 0% used [0x00000000e0f80000,0x00000000e0f80000,0x00000000ea800000)
  from space 17920K, 55% used [0x00000000eba80000,0x00000000ec42c120,0x00000000ecc00000)
  to   space 18432K, 0% used [0x00000000ea800000,0x00000000ea800000,0x00000000eba00000)
 ParOldGen       total 45056K, used 35084K [0x00000000a2e00000, 0x00000000a5a00000, 0x00000000e0f80000)
  object space 45056K, 77% used [0x00000000a2e00000,0x00000000a5043130,0x00000000a5a00000)
 Metaspace       used 34663K, capacity 35178K, committed 35496K, reserved 1081344K
  class space    used 4066K, capacity 4274K, committed 4352K, reserved 1048576K
}
Event: 535.699 GC heap before
{Heap before GC invocations=12 (full 2):
 PSYoungGen      total 174080K, used 9904K [0x00000000e0f80000, 0x00000000ecc00000, 0x0000000100000000)
  eden space 156160K, 0% used [0x00000000e0f80000,0x00000000e0f80000,0x00000000ea800000)
  from space 17920K, 55% used [0x00000000eba80000,0x00000000ec42c120,0x00000000ecc00000)
  to   space 18432K, 0% used [0x00000000ea800000,0x00000000ea800000,0x00000000eba00000)
 ParOldGen       total 45056K, used 35084K [0x00000000a2e00000, 0x00000000a5a00000, 0x00000000e0f80000)
  object space 45056K, 77% used [0x00000000a2e00000,0x00000000a5043130,0x00000000a5a00000)
 Metaspace       used 34663K, capacity 35178K, committed 35496K, reserved 1081344K
  class space    used 4066K, capacity 4274K, committed 4352K, reserved 1048576K
Event: 535.786 GC heap after
Heap after GC invocations=12 (full 2):
 PSYoungGen      total 174080K, used 0K [0x00000000e0f80000, 0x00000000ecc00000, 0x0000000100000000)
  eden space 156160K, 0% used [0x00000000e0f80000,0x00000000e0f80000,0x00000000ea800000)
  from space 17920K, 0% used [0x00000000eba80000,0x00000000eba80000,0x00000000ecc00000)
  to   space 18432K, 0% used [0x00000000ea800000,0x00000000ea800000,0x00000000eba00000)
 ParOldGen       total 63488K, used 25929K [0x00000000a2e00000, 0x00000000a6c00000, 0x00000000e0f80000)
  object space 63488K, 40% used [0x00000000a2e00000,0x00000000a47525b8,0x00000000a6c00000)
 Metaspace       used 34663K, capacity 35178K, committed 35496K, reserved 1081344K
  class space    used 4066K, capacity 4274K, committed 4352K, reserved 1048576K
}
Event: 690.167 GC heap before
{Heap before GC invocations=13 (full 2):
 PSYoungGen      total 174080K, used 44159K [0x00000000e0f80000, 0x00000000ecc00000, 0x0000000100000000)
  eden space 156160K, 28% used [0x00000000e0f80000,0x00000000e3a9ff90,0x00000000ea800000)
  from space 17920K, 0% used [0x00000000eba80000,0x00000000eba80000,0x00000000ecc00000)
  to   space 18432K, 0% used [0x00000000ea800000,0x00000000ea800000,0x00000000eba00000)
 ParOldGen       total 63488K, used 25929K [0x00000000a2e00000, 0x00000000a6c00000, 0x00000000e0f80000)
  object space 63488K, 40% used [0x00000000a2e00000,0x00000000a47525b8,0x00000000a6c00000)
 Metaspace       used 38742K, capacity 39344K, committed 39808K, reserved 1085440K
  class space    used 4422K, capacity 4637K, committed 4736K, reserved 1048576K
Event: 690.191 GC heap after
Heap after GC invocations=13 (full 2):
 PSYoungGen      total 174592K, used 4203K [0x00000000e0f80000, 0x00000000f2200000, 0x0000000100000000)
  eden space 156160K, 0% used [0x00000000e0f80000,0x00000000e0f80000,0x00000000ea800000)
  from space 18432K, 22% used [0x00000000ea800000,0x00000000eac1acb0,0x00000000eba00000)
  to   space 17920K, 0% used [0x00000000f1080000,0x00000000f1080000,0x00000000f2200000)
 ParOldGen       total 63488K, used 25929K [0x00000000a2e00000, 0x00000000a6c00000, 0x00000000e0f80000)
  object space 63488K, 40% used [0x00000000a2e00000,0x00000000a47525b8,0x00000000a6c00000)
 Metaspace       used 38742K, capacity 39344K, committed 39808K, reserved 1085440K
  class space    used 4422K, capacity 4637K, committed 4736K, reserved 1048576K
}
Event: 690.191 GC heap before
{Heap before GC invocations=14 (full 3):
 PSYoungGen      total 174592K, used 4203K [0x00000000e0f80000, 0x00000000f2200000, 0x0000000100000000)
  eden space 156160K, 0% used [0x00000000e0f80000,0x00000000e0f80000,0x00000000ea800000)
  from space 18432K, 22% used [0x00000000ea800000,0x00000000eac1acb0,0x00000000eba00000)
  to   space 17920K, 0% used [0x00000000f1080000,0x00000000f1080000,0x00000000f2200000)
 ParOldGen       total 63488K, used 25929K [0x00000000a2e00000, 0x00000000a6c00000, 0x00000000e0f80000)
  object space 63488K, 40% used [0x00000000a2e00000,0x00000000a47525b8,0x00000000a6c00000)
 Metaspace       used 38742K, capacity 39344K, committed 39808K, reserved 1085440K
  class space    used 4422K, capacity 4637K, committed 4736K, reserved 1048576K
Event: 690.517 GC heap after
Heap after GC invocations=14 (full 3):
 PSYoungGen      total 174592K, used 0K [0x00000000e0f80000, 0x00000000f2200000, 0x0000000100000000)
  eden space 156160K, 0% used [0x00000000e0f80000,0x00000000e0f80000,0x00000000ea800000)
  from space 18432K, 0% used [0x00000000ea800000,0x00000000ea800000,0x00000000eba00000)
  to   space 17920K, 0% used [0x00000000f1080000,0x00000000f1080000,0x00000000f2200000)
 ParOldGen       total 63488K, used 22705K [0x00000000a2e00000, 0x00000000a6c00000, 0x00000000e0f80000)
  object space 63488K, 35% used [0x00000000a2e00000,0x00000000a442c548,0x00000000a6c00000)
 Metaspace       used 38727K, capacity 39324K, committed 39808K, reserved 1085440K
  class space    used 4421K, capacity 4633K, committed 4736K, reserved 1048576K
}

Deoptimization events (10 events):
Event: 634.074 Thread 0x000000000c3fa000 Uncommon trap: reason=unhandled action=none pc=0x000000000f56d4fc method=java.net.URLClassLoader.findClass(Ljava/lang/String;)Ljava/lang/Class; @ 44
Event: 689.401 Thread 0x000000000c3f5800 Uncommon trap: reason=unhandled action=none pc=0x000000000f56d4fc method=java.net.URLClassLoader.findClass(Ljava/lang/String;)Ljava/lang/Class; @ 44
Event: 689.428 Thread 0x000000000c3f5800 Uncommon trap: reason=unhandled action=none pc=0x000000000f56d4fc method=java.net.URLClassLoader.findClass(Ljava/lang/String;)Ljava/lang/Class; @ 44
Event: 689.432 Thread 0x000000000c3f5800 Uncommon trap: reason=unhandled action=none pc=0x000000000f56d4fc method=java.net.URLClassLoader.findClass(Ljava/lang/String;)Ljava/lang/Class; @ 44
Event: 690.045 Thread 0x000000000c3f5800 Uncommon trap: reason=unhandled action=none pc=0x000000000f56d4fc method=java.net.URLClassLoader.findClass(Ljava/lang/String;)Ljava/lang/Class; @ 44
Event: 690.099 Thread 0x000000000c3f5800 Uncommon trap: reason=unhandled action=none pc=0x000000000f56d4fc method=java.net.URLClassLoader.findClass(Ljava/lang/String;)Ljava/lang/Class; @ 44
Event: 690.104 Thread 0x000000000c3f5800 Uncommon trap: reason=unhandled action=none pc=0x000000000f56d4fc method=java.net.URLClassLoader.findClass(Ljava/lang/String;)Ljava/lang/Class; @ 44
Event: 690.106 Thread 0x000000000c3f5800 Uncommon trap: reason=unhandled action=none pc=0x000000000f56d4fc method=java.net.URLClassLoader.findClass(Ljava/lang/String;)Ljava/lang/Class; @ 44
Event: 690.517 Thread 0x0000000007022800 Uncommon trap: reason=unstable_if action=reinterpret pc=0x000000000f17b3e8 method=java.lang.ref.Reference.tryHandlePending(Z)Z @ 20
Event: 690.533 Thread 0x00000000024c9000 Uncommon trap: reason=unstable_if action=reinterpret pc=0x000000000f252618 method=java.util.concurrent.ConcurrentHashMap.replaceNode(Ljava/lang/Object;Ljava/lang/Object;Ljava/lang/Object;)Ljava/lang/Object; @ 136

Internal exceptions (10 events):
Event: 690.166 Thread 0x00000000024c9000 Exception <a 'java/io/IOException'> (0x00000000e38a8048) thrown at [C:\re\workspace\8-2-build-windows-amd64-cygwin\jdk8u121\8372\hotspot\src\share\vm\prims\jni.cpp, line 709]
Event: 690.166 Thread 0x00000000024c9000 Exception <a 'java/io/IOException'> (0x00000000e38a82d8) thrown at [C:\re\workspace\8-2-build-windows-amd64-cygwin\jdk8u121\8372\hotspot\src\share\vm\prims\jni.cpp, line 709]
Event: 690.517 Thread 0x00000000024c9000 Exception <a 'java/io/IOException'> (0x00000000e1043638) thrown at [C:\re\workspace\8-2-build-windows-amd64-cygwin\jdk8u121\8372\hotspot\src\share\vm\prims\jni.cpp, line 709]
Event: 690.525 Thread 0x00000000024c9000 Exception <a 'java/io/IOException'> (0x00000000e1043ae0) thrown at [C:\re\workspace\8-2-build-windows-amd64-cygwin\jdk8u121\8372\hotspot\src\share\vm\prims\jni.cpp, line 709]
Event: 690.525 Thread 0x00000000024c9000 Exception <a 'java/io/IOException'> (0x00000000e1043f58) thrown at [C:\re\workspace\8-2-build-windows-amd64-cygwin\jdk8u121\8372\hotspot\src\share\vm\prims\jni.cpp, line 709]
Event: 690.525 Thread 0x00000000024c9000 Exception <a 'java/io/IOException'> (0x00000000e10441e8) thrown at [C:\re\workspace\8-2-build-windows-amd64-cygwin\jdk8u121\8372\hotspot\src\share\vm\prims\jni.cpp, line 709]
Event: 690.525 Thread 0x00000000024c9000 Exception <a 'java/io/IOException'> (0x00000000e10447f8) thrown at [C:\re\workspace\8-2-build-windows-amd64-cygwin\jdk8u121\8372\hotspot\src\share\vm\prims\jni.cpp, line 709]
Event: 690.525 Thread 0x00000000024c9000 Exception <a 'java/io/IOException'> (0x00000000e1044ca0) thrown at [C:\re\workspace\8-2-build-windows-amd64-cygwin\jdk8u121\8372\hotspot\src\share\vm\prims\jni.cpp, line 709]
Event: 690.525 Thread 0x00000000024c9000 Exception <a 'java/io/IOException'> (0x00000000e1044f30) thrown at [C:\re\workspace\8-2-build-windows-amd64-cygwin\jdk8u121\8372\hotspot\src\share\vm\prims\jni.cpp, line 709]
Event: 690.526 Thread 0x00000000024c9000 Exception <a 'java/io/IOException'> (0x00000000e10451c0) thrown at [C:\re\workspace\8-2-build-windows-amd64-cygwin\jdk8u121\8372\hotspot\src\share\vm\prims\jni.cpp, line 709]

Events (10 events):
Event: 690.535 loading class org/eclipse/sisu/inject/MildElements$Itr done
Event: 690.535 Thread 0x00000000024c9000 DEOPT PACKING pc=0x000000000f4a8fd8 sp=0x00000000029dd260
Event: 690.535 Thread 0x00000000024c9000 DEOPT UNPACKING pc=0x000000000f05787f sp=0x00000000029dd000 mode 1
Event: 690.535 Thread 0x00000000024c9000 DEOPT PACKING pc=0x000000000f4a955c sp=0x00000000029dd370
Event: 690.535 Thread 0x00000000024c9000 DEOPT UNPACKING pc=0x000000000f05787f sp=0x00000000029dcfe8 mode 1
Event: 690.535 Thread 0x00000000024c9000 DEOPT PACKING pc=0x000000000f2005a1 sp=0x00000000029dd360
Event: 690.535 Thread 0x00000000024c9000 DEOPT UNPACKING pc=0x000000000f05787f sp=0x00000000029dd0a0 mode 1
Event: 690.535 Thread 0x00000000024c9000 DEOPT PACKING pc=0x000000000f97e05c sp=0x00000000029dd480
Event: 690.535 Thread 0x00000000024c9000 DEOPT UNPACKING pc=0x000000000f05787f sp=0x00000000029dd1e8 mode 1
Event: 690.536 Executing VM operation: Exit


Dynamic libraries:
0x000000013f950000 - 0x000000013f987000 	C:\Program Files\Java\jdk1.8.0_121\bin\java.exe
0x0000000076f00000 - 0x00000000770aa000 	C:\Windows\SYSTEM32\ntdll.dll
0x0000000076ce0000 - 0x0000000076dff000 	C:\Windows\system32\kernel32.dll
0x000007fefd010000 - 0x000007fefd07a000 	C:\Windows\system32\KERNELBASE.dll
0x000007fefecc0000 - 0x000007fefed9b000 	C:\Windows\system32\ADVAPI32.dll
0x000007fefd400000 - 0x000007fefd49f000 	C:\Windows\system32\msvcrt.dll
0x000007fefe8a0000 - 0x000007fefe8bf000 	C:\Windows\SYSTEM32\sechost.dll
0x000007fefe770000 - 0x000007fefe89d000 	C:\Windows\system32\RPCRT4.dll
0x0000000076e00000 - 0x0000000076efa000 	C:\Windows\system32\USER32.dll
0x000007fefd730000 - 0x000007fefd797000 	C:\Windows\system32\GDI32.dll
0x000007fefd4a0000 - 0x000007fefd4ae000 	C:\Windows\system32\LPK.dll
0x000007fefebd0000 - 0x000007fefec9a000 	C:\Windows\system32\USP10.dll
0x000007fefb1f0000 - 0x000007fefb3e4000 	C:\Windows\WinSxS\amd64_microsoft.windows.common-controls_6595b64144ccf1df_6.0.7601.18837_none_fa3b1e3d17594757\COMCTL32.dll
0x000007fefeda0000 - 0x000007fefee11000 	C:\Windows\system32\SHLWAPI.dll
0x000007fefd3d0000 - 0x000007fefd3fe000 	C:\Windows\system32\IMM32.DLL
0x000007fefe660000 - 0x000007fefe769000 	C:\Windows\system32\MSCTF.dll
0x000007fefcc70000 - 0x000007fefcca1000 	C:\Windows\system32\nvinitx.dll
0x000000000f000000 - 0x000000000f006000 	C:\Program Files\NVIDIA Corporation\CoProcManager\detoured.dll
0x000007fefa310000 - 0x000007fefa342000 	C:\Program Files\NVIDIA Corporation\CoProcManager\nvd3d9wrapx.dll
0x000007fefee20000 - 0x000007fefeff7000 	C:\Windows\system32\SETUPAPI.dll
0x000007fefd0a0000 - 0x000007fefd0d6000 	C:\Windows\system32\CFGMGR32.dll
0x000007fefe580000 - 0x000007fefe65a000 	C:\Windows\system32\OLEAUT32.dll
0x000007feff000000 - 0x000007feff203000 	C:\Windows\system32\ole32.dll
0x000007fefd0e0000 - 0x000007fefd0fa000 	C:\Windows\system32\DEVOBJ.dll
0x000007fef9f10000 - 0x000007fef9f32000 	C:\Program Files\NVIDIA Corporation\CoProcManager\nvdxgiwrapx.dll
0x00000000692e0000 - 0x00000000693b2000 	C:\Program Files\Java\jdk1.8.0_121\jre\bin\msvcr100.dll
0x000000005f890000 - 0x000000006012b000 	C:\Program Files\Java\jdk1.8.0_121\jre\bin\server\jvm.dll
0x000007fefb510000 - 0x000007fefb519000 	C:\Windows\system32\WSOCK32.dll
0x000007fefd7a0000 - 0x000007fefd7ed000 	C:\Windows\system32\WS2_32.dll
0x000007fefd720000 - 0x000007fefd728000 	C:\Windows\system32\NSI.dll
0x000007fefab40000 - 0x000007fefab7b000 	C:\Windows\system32\WINMM.dll
0x000007fefbda0000 - 0x000007fefbdac000 	C:\Windows\system32\VERSION.dll
0x00000000770c0000 - 0x00000000770c7000 	C:\Windows\system32\PSAPI.DLL
0x000000006da60000 - 0x000000006da6f000 	C:\Program Files\Java\jdk1.8.0_121\jre\bin\verify.dll
0x000000006d9f0000 - 0x000000006da19000 	C:\Program Files\Java\jdk1.8.0_121\jre\bin\java.dll
0x0000000068080000 - 0x00000000680b5000 	C:\Program Files\Java\jdk1.8.0_121\jre\bin\jdwp.dll
0x000000006da70000 - 0x000000006da78000 	C:\Program Files\Java\jdk1.8.0_121\jre\bin\npt.dll
0x000000006c350000 - 0x000000006c366000 	C:\Program Files\Java\jdk1.8.0_121\jre\bin\zip.dll
0x000007fefd7f0000 - 0x000007fefe57a000 	C:\Windows\system32\SHELL32.dll
0x000007fefcd50000 - 0x000007fefcd5f000 	C:\Windows\system32\profapi.dll
0x000000006da40000 - 0x000000006da49000 	C:\Program Files\Java\jdk1.8.0_121\jre\bin\dt_socket.dll
0x000007fefc4b0000 - 0x000007fefc505000 	C:\Windows\system32\mswsock.dll
0x000007fefbe70000 - 0x000007fefbe77000 	C:\Windows\System32\wshtcpip.dll
0x000000006da80000 - 0x000000006da9a000 	C:\Program Files\Java\jdk1.8.0_121\jre\bin\net.dll
0x000007fefc4a0000 - 0x000007fefc4a7000 	C:\Windows\System32\wship6.dll
0x00000000696d0000 - 0x00000000696e1000 	C:\Program Files\Java\jdk1.8.0_121\jre\bin\nio.dll
0x000000006d9e0000 - 0x000000006d9ed000 	C:\Program Files\Java\jdk1.8.0_121\jre\bin\management.dll
0x0000000002060000 - 0x0000000002084000 	C:\Program Files\Java\jdk1.8.0_121\jre\bin\sunec.dll
0x000007fefaaa0000 - 0x000007fefaac7000 	C:\Windows\system32\IPHLPAPI.DLL
0x000007fefb440000 - 0x000007fefb44b000 	C:\Windows\system32\WINNSI.DLL
0x000007fef91a0000 - 0x000007fef91b8000 	C:\Windows\system32\dhcpcsvc.DLL
0x000007fef9120000 - 0x000007fef9131000 	C:\Windows\system32\dhcpcsvc6.DLL
0x000007fefc510000 - 0x000007fefc528000 	C:\Windows\system32\CRYPTSP.dll
0x000007fefc1d0000 - 0x000007fefc217000 	C:\Windows\system32\rsaenh.dll
0x000007fefce30000 - 0x000007fefce4e000 	C:\Windows\system32\USERENV.dll
0x000007fefcba0000 - 0x000007fefcbaf000 	C:\Windows\system32\CRYPTBASE.dll
0x000000006da20000 - 0x000000006da2b000 	C:\Program Files\Java\jdk1.8.0_121\jre\bin\sunmscapi.dll
0x000007fefce60000 - 0x000007fefcfcd000 	C:\Windows\system32\CRYPT32.dll
0x000007fefcd40000 - 0x000007fefcd4f000 	C:\Windows\system32\MSASN1.dll
0x000007fef7550000 - 0x000007fef7675000 	C:\Windows\system32\dbghelp.dll

VM Arguments:
jvm_args: -Xdebug -Xnoagent -Djava.compiler=NONE -Xrunjdwp:transport=dt_socket,address=8000,server=y,suspend=y -Dclassworlds.conf=D:\Tool\apache-maven-3.3.9\bin\..\bin\m2.conf -Dmaven.home=D:\Tool\apache-maven-3.3.9\bin\.. -Dmaven.multiModuleProjectDirectory=D:\project\ichat 
java_command: org.codehaus.plexus.classworlds.launcher.Launcher jetty:run
java_class_path (initial): D:\Tool\apache-maven-3.3.9\bin\..\boot\plexus-classworlds-2.5.2.jar
Launcher Type: SUN_STANDARD

Environment Variables:
JAVA_HOME=C:\Program Files\Java\jdk1.8.0_121
PATH=C:/Program Files/Java/jre1.8.0_121/bin/server;C:/Program Files/Java/jre1.8.0_121/bin;C:/Program Files/Java/jre1.8.0_121/lib/amd64;C:\ProgramData\Oracle\Java\javapath;C:\Windows\Microsoft.NET\Framework64\v4.0.30319;C:\Program Files\Java\jdk1.8.0_121\bin;D:\app\Administrator\product\11.2.0\dbhome_1\bin;C:\Windows\system32;C:\Windows;C:\Windows\System32\Wbem;C:\Windows\system32\config\systemprofile\.dnx\bin;C:\Program Files\Microsoft DNX\Dnvm\;C:\Program Files\Microsoft SQL Server\130\Tools\Binn\;C:\Windows\System32\WindowsPowerShell\v1.0\;D:\Tool\apache-maven-3.3.9\bin;;C:\Windows\System32\WindowsPowerShell\v1.0\;D:\Tool\eclipse;
USERNAME=Administrator
OS=Windows_NT
PROCESSOR_IDENTIFIER=Intel64 Family 6 Model 42 Stepping 7, GenuineIntel



---------------  S Y S T E M  ---------------

OS: Windows 7 , 64 bit Build 7601 (6.1.7601.23572)

CPU:total 4 (2 cores per cpu, 2 threads per core) family 6 model 42 stepping 7, cmov, cx8, fxsr, mmx, sse, sse2, sse3, ssse3, sse4.1, sse4.2, popcnt, avx, clmul, ht, tsc, tscinvbit

Memory: 4k page, physical 6098112k(2271812k free), swap 12194372k(7157848k free)

vm_info: Java HotSpot(TM) 64-Bit Server VM (25.121-b13) for windows-amd64 JRE (1.8.0_121-b13), built on Dec 12 2016 18:21:36 by "java_re" with MS VC++ 10.0 (VS2010)

time: Sun Mar 05 22:31:18 2017
elapsed time: 690 seconds (0d 0h 11m 30s)

